<?xml version="1.0" encoding="UTF-8"?>
<!-- Generated by org.testng.reporters.JUnitXMLReporter -->
<testsuite hostname="ISD-PF01BZG8" ignored="0" name="Test MyAmaysim Settings" tests="12" failures="4" timestamp="05 May 2017 18:12:26 GMT" time="340.713" errors="0">
  <testcase name="assertValidNickname" time="14.418" classname="testSuite.AmaysimSettings"/>
  <testcase name="assertInvalidNickname" time="20.97" classname="testSuite.AmaysimSettings"/>
  <testcase name="assertValidPin" time="16.764" classname="testSuite.AmaysimSettings"/>
  <testcase name="assertInvalidPin" time="11.743" classname="testSuite.AmaysimSettings"/>
  <testcase name="assertCallerID" time="3.077" classname="testSuite.AmaysimSettings">
    <failure type="org.openqa.selenium.WebDriverException" message="Element &amp;lt;a href=&amp;quot;/my-account/my-amaysim/settings&amp;quot;&amp;gt;&amp;lt;/a&amp;gt; is not clickable at point (112, 480.6000061035156). Other element would receive the click: &amp;lt;div style=&amp;quot;display: block; opacity: 0.00142055;&amp;quot; class=&amp;quot;reveal-modal-bg&amp;quot;&amp;gt;&amp;lt;/div&amp;gt;
Command duration or timeout: 87 milliseconds
Build info: version: &amp;apos;3.3.1&amp;apos;, revision: &amp;apos;5234b32&amp;apos;, time: &amp;apos;2017-03-10 09:04:52 -0800&amp;apos;
System info: host: &amp;apos;ISD-PF01BZG8&amp;apos;, ip: &amp;apos;169.254.235.59&amp;apos;, os.name: &amp;apos;Windows 7&amp;apos;, os.arch: &amp;apos;amd64&amp;apos;, os.version: &amp;apos;6.1&amp;apos;, java.version: &amp;apos;1.8.0_31&amp;apos;
Driver info: org.openqa.selenium.firefox.FirefoxDriver
Capabilities [{applicationCacheEnabled=true, rotatable=false, handlesAlerts=true, databaseEnabled=true, version=47.0.2, platform=WINDOWS, nativeEvents=false, acceptSslCerts=true, webStorageEnabled=true, locationContextEnabled=true, browserName=firefox, takesScreenshot=true, javascriptEnabled=true, cssSelectorsEnabled=true}]
Session ID: cfe0688f-0ed3-4d22-bb61-1e4b94278a4c">
      <![CDATA[org.openqa.selenium.WebDriverException: Element <a href="/my-account/my-amaysim/settings"></a> is not clickable at point (112, 480.6000061035156). Other element would receive the click: <div style="display: block; opacity: 0.00142055;" class="reveal-modal-bg"></div>
Command duration or timeout: 87 milliseconds
Build info: version: '3.3.1', revision: '5234b32', time: '2017-03-10 09:04:52 -0800'
System info: host: 'ISD-PF01BZG8', ip: '169.254.235.59', os.name: 'Windows 7', os.arch: 'amd64', os.version: '6.1', java.version: '1.8.0_31'
Driver info: org.openqa.selenium.firefox.FirefoxDriver
Capabilities [{applicationCacheEnabled=true, rotatable=false, handlesAlerts=true, databaseEnabled=true, version=47.0.2, platform=WINDOWS, nativeEvents=false, acceptSslCerts=true, webStorageEnabled=true, locationContextEnabled=true, browserName=firefox, takesScreenshot=true, javascriptEnabled=true, cssSelectorsEnabled=true}]
Session ID: cfe0688f-0ed3-4d22-bb61-1e4b94278a4c
	at org.openqa.selenium.remote.ErrorHandler.createThrowable(ErrorHandler.java:216)
	at org.openqa.selenium.remote.ErrorHandler.throwIfResponseFailed(ErrorHandler.java:168)
	at org.openqa.selenium.remote.RemoteWebDriver.execute(RemoteWebDriver.java:638)
	at org.openqa.selenium.remote.RemoteWebElement.execute(RemoteWebElement.java:274)
	at org.openqa.selenium.remote.RemoteWebElement.click(RemoteWebElement.java:84)
	at testSuite.AmaysimSettings.assertCallerID(AmaysimSettings.java:123)
... Removed 28 stack frames]]>
    </failure>
  </testcase> <!-- assertCallerID -->
  <testcase name="assertCallWait" time="9.453" classname="testSuite.AmaysimSettings"/>
  <testcase name="assertVoiceMail" time="3.718" classname="testSuite.AmaysimSettings">
    <failure type="org.openqa.selenium.WebDriverException" message="Element &amp;lt;a href=&amp;quot;/my-account/my-amaysim/settings&amp;quot;&amp;gt;&amp;lt;/a&amp;gt; is not clickable at point (112, 480.6000061035156). Other element would receive the click: &amp;lt;div style=&amp;quot;display: block; opacity: 0.0351118;&amp;quot; class=&amp;quot;reveal-modal-bg&amp;quot;&amp;gt;&amp;lt;/div&amp;gt;
Command duration or timeout: 73 milliseconds
Build info: version: &amp;apos;3.3.1&amp;apos;, revision: &amp;apos;5234b32&amp;apos;, time: &amp;apos;2017-03-10 09:04:52 -0800&amp;apos;
System info: host: &amp;apos;ISD-PF01BZG8&amp;apos;, ip: &amp;apos;169.254.235.59&amp;apos;, os.name: &amp;apos;Windows 7&amp;apos;, os.arch: &amp;apos;amd64&amp;apos;, os.version: &amp;apos;6.1&amp;apos;, java.version: &amp;apos;1.8.0_31&amp;apos;
Driver info: org.openqa.selenium.firefox.FirefoxDriver
Capabilities [{applicationCacheEnabled=true, rotatable=false, handlesAlerts=true, databaseEnabled=true, version=47.0.2, platform=WINDOWS, nativeEvents=false, acceptSslCerts=true, webStorageEnabled=true, locationContextEnabled=true, browserName=firefox, takesScreenshot=true, javascriptEnabled=true, cssSelectorsEnabled=true}]
Session ID: cfe0688f-0ed3-4d22-bb61-1e4b94278a4c">
      <![CDATA[org.openqa.selenium.WebDriverException: Element <a href="/my-account/my-amaysim/settings"></a> is not clickable at point (112, 480.6000061035156). Other element would receive the click: <div style="display: block; opacity: 0.0351118;" class="reveal-modal-bg"></div>
Command duration or timeout: 73 milliseconds
Build info: version: '3.3.1', revision: '5234b32', time: '2017-03-10 09:04:52 -0800'
System info: host: 'ISD-PF01BZG8', ip: '169.254.235.59', os.name: 'Windows 7', os.arch: 'amd64', os.version: '6.1', java.version: '1.8.0_31'
Driver info: org.openqa.selenium.firefox.FirefoxDriver
Capabilities [{applicationCacheEnabled=true, rotatable=false, handlesAlerts=true, databaseEnabled=true, version=47.0.2, platform=WINDOWS, nativeEvents=false, acceptSslCerts=true, webStorageEnabled=true, locationContextEnabled=true, browserName=firefox, takesScreenshot=true, javascriptEnabled=true, cssSelectorsEnabled=true}]
Session ID: cfe0688f-0ed3-4d22-bb61-1e4b94278a4c
	at org.openqa.selenium.remote.ErrorHandler.createThrowable(ErrorHandler.java:216)
	at org.openqa.selenium.remote.ErrorHandler.throwIfResponseFailed(ErrorHandler.java:168)
	at org.openqa.selenium.remote.RemoteWebDriver.execute(RemoteWebDriver.java:638)
	at org.openqa.selenium.remote.RemoteWebElement.execute(RemoteWebElement.java:274)
	at org.openqa.selenium.remote.RemoteWebElement.click(RemoteWebElement.java:84)
	at testSuite.AmaysimSettings.assertVoiceMail(AmaysimSettings.java:153)
... Removed 28 stack frames]]>
    </failure>
  </testcase> <!-- assertVoiceMail -->
  <testcase name="assertUsageAlerts" time="2.371" classname="testSuite.AmaysimSettings">
    <failure type="org.openqa.selenium.WebDriverException" message="Element &amp;lt;a href=&amp;quot;/my-account/my-amaysim/settings&amp;quot;&amp;gt;&amp;lt;/a&amp;gt; is not clickable at point (112, 480.6000061035156). Other element would receive the click: &amp;lt;div style=&amp;quot;display: block; opacity: 0.0559318;&amp;quot; class=&amp;quot;reveal-modal-bg&amp;quot;&amp;gt;&amp;lt;/div&amp;gt;
Command duration or timeout: 78 milliseconds
Build info: version: &amp;apos;3.3.1&amp;apos;, revision: &amp;apos;5234b32&amp;apos;, time: &amp;apos;2017-03-10 09:04:52 -0800&amp;apos;
System info: host: &amp;apos;ISD-PF01BZG8&amp;apos;, ip: &amp;apos;169.254.235.59&amp;apos;, os.name: &amp;apos;Windows 7&amp;apos;, os.arch: &amp;apos;amd64&amp;apos;, os.version: &amp;apos;6.1&amp;apos;, java.version: &amp;apos;1.8.0_31&amp;apos;
Driver info: org.openqa.selenium.firefox.FirefoxDriver
Capabilities [{applicationCacheEnabled=true, rotatable=false, handlesAlerts=true, databaseEnabled=true, version=47.0.2, platform=WINDOWS, nativeEvents=false, acceptSslCerts=true, webStorageEnabled=true, locationContextEnabled=true, browserName=firefox, takesScreenshot=true, javascriptEnabled=true, cssSelectorsEnabled=true}]
Session ID: cfe0688f-0ed3-4d22-bb61-1e4b94278a4c">
      <![CDATA[org.openqa.selenium.WebDriverException: Element <a href="/my-account/my-amaysim/settings"></a> is not clickable at point (112, 480.6000061035156). Other element would receive the click: <div style="display: block; opacity: 0.0559318;" class="reveal-modal-bg"></div>
Command duration or timeout: 78 milliseconds
Build info: version: '3.3.1', revision: '5234b32', time: '2017-03-10 09:04:52 -0800'
System info: host: 'ISD-PF01BZG8', ip: '169.254.235.59', os.name: 'Windows 7', os.arch: 'amd64', os.version: '6.1', java.version: '1.8.0_31'
Driver info: org.openqa.selenium.firefox.FirefoxDriver
Capabilities [{applicationCacheEnabled=true, rotatable=false, handlesAlerts=true, databaseEnabled=true, version=47.0.2, platform=WINDOWS, nativeEvents=false, acceptSslCerts=true, webStorageEnabled=true, locationContextEnabled=true, browserName=firefox, takesScreenshot=true, javascriptEnabled=true, cssSelectorsEnabled=true}]
Session ID: cfe0688f-0ed3-4d22-bb61-1e4b94278a4c
	at org.openqa.selenium.remote.ErrorHandler.createThrowable(ErrorHandler.java:216)
	at org.openqa.selenium.remote.ErrorHandler.throwIfResponseFailed(ErrorHandler.java:168)
	at org.openqa.selenium.remote.RemoteWebDriver.execute(RemoteWebDriver.java:638)
	at org.openqa.selenium.remote.RemoteWebElement.execute(RemoteWebElement.java:274)
	at org.openqa.selenium.remote.RemoteWebElement.click(RemoteWebElement.java:84)
	at testSuite.AmaysimSettings.assertUsageAlerts(AmaysimSettings.java:168)
... Removed 28 stack frames]]>
    </failure>
  </testcase> <!-- assertUsageAlerts -->
  <testcase name="assertIntlRoam" time="9.228" classname="testSuite.AmaysimSettings"/>
  <testcase name="assertCallFwd" time="25.261" classname="testSuite.AmaysimSettings"/>
  <testcase name="assertSMSLimit" time="4.022" classname="testSuite.AmaysimSettings">
    <failure type="org.openqa.selenium.WebDriverException" message="Element &amp;lt;a href=&amp;quot;/my-account/my-amaysim/settings&amp;quot;&amp;gt;&amp;lt;/a&amp;gt; is not clickable at point (112, 480.6000061035156). Other element would receive the click: &amp;lt;div style=&amp;quot;display: block; opacity: 0.0264508;&amp;quot; class=&amp;quot;reveal-modal-bg&amp;quot;&amp;gt;&amp;lt;/div&amp;gt;
Command duration or timeout: 80 milliseconds
Build info: version: &amp;apos;3.3.1&amp;apos;, revision: &amp;apos;5234b32&amp;apos;, time: &amp;apos;2017-03-10 09:04:52 -0800&amp;apos;
System info: host: &amp;apos;ISD-PF01BZG8&amp;apos;, ip: &amp;apos;169.254.235.59&amp;apos;, os.name: &amp;apos;Windows 7&amp;apos;, os.arch: &amp;apos;amd64&amp;apos;, os.version: &amp;apos;6.1&amp;apos;, java.version: &amp;apos;1.8.0_31&amp;apos;
Driver info: org.openqa.selenium.firefox.FirefoxDriver
Capabilities [{applicationCacheEnabled=true, rotatable=false, handlesAlerts=true, databaseEnabled=true, version=47.0.2, platform=WINDOWS, nativeEvents=false, acceptSslCerts=true, webStorageEnabled=true, locationContextEnabled=true, browserName=firefox, takesScreenshot=true, javascriptEnabled=true, cssSelectorsEnabled=true}]
Session ID: cfe0688f-0ed3-4d22-bb61-1e4b94278a4c">
      <![CDATA[org.openqa.selenium.WebDriverException: Element <a href="/my-account/my-amaysim/settings"></a> is not clickable at point (112, 480.6000061035156). Other element would receive the click: <div style="display: block; opacity: 0.0264508;" class="reveal-modal-bg"></div>
Command duration or timeout: 80 milliseconds
Build info: version: '3.3.1', revision: '5234b32', time: '2017-03-10 09:04:52 -0800'
System info: host: 'ISD-PF01BZG8', ip: '169.254.235.59', os.name: 'Windows 7', os.arch: 'amd64', os.version: '6.1', java.version: '1.8.0_31'
Driver info: org.openqa.selenium.firefox.FirefoxDriver
Capabilities [{applicationCacheEnabled=true, rotatable=false, handlesAlerts=true, databaseEnabled=true, version=47.0.2, platform=WINDOWS, nativeEvents=false, acceptSslCerts=true, webStorageEnabled=true, locationContextEnabled=true, browserName=firefox, takesScreenshot=true, javascriptEnabled=true, cssSelectorsEnabled=true}]
Session ID: cfe0688f-0ed3-4d22-bb61-1e4b94278a4c
	at org.openqa.selenium.remote.ErrorHandler.createThrowable(ErrorHandler.java:216)
	at org.openqa.selenium.remote.ErrorHandler.throwIfResponseFailed(ErrorHandler.java:168)
	at org.openqa.selenium.remote.RemoteWebDriver.execute(RemoteWebDriver.java:638)
	at org.openqa.selenium.remote.RemoteWebElement.execute(RemoteWebElement.java:274)
	at org.openqa.selenium.remote.RemoteWebElement.click(RemoteWebElement.java:84)
	at testSuite.AmaysimSettings.assertSMSLimit(AmaysimSettings.java:221)
... Removed 28 stack frames]]>
    </failure>
  </testcase> <!-- assertSMSLimit -->
  <testcase name="assertAutoRcg" time="26.087" classname="testSuite.AmaysimSettings"/>
</testsuite> <!-- Test MyAmaysim Settings -->
