<?xml version="1.0" encoding="UTF-8"?>
<!-- Generated by org.testng.reporters.JUnitXMLReporter -->
<testsuite hostname="ISD-PF01BZG8" ignored="0" name="Test" tests="2" failures="1" timestamp="04 May 2017 14:10:42 GMT" time="149.59" errors="0">
  <testcase name="assertValidNickname" time="22.476" classname="testSuite.AmaysimSettings"/>
  <testcase name="assertInvalidNickname" time="60.084" classname="testSuite.AmaysimSettings">
    <failure type="org.openqa.selenium.ElementNotVisibleException" message="Element is not currently visible and so may not be interacted with
Command duration or timeout: 60.04 seconds">
      <![CDATA[org.openqa.selenium.ElementNotVisibleException: Element is not currently visible and so may not be interacted with
Command duration or timeout: 60.04 seconds
	at org.openqa.selenium.remote.ErrorHandler.createThrowable(ErrorHandler.java:216)
	at org.openqa.selenium.remote.ErrorHandler.throwIfResponseFailed(ErrorHandler.java:168)
	at org.openqa.selenium.remote.RemoteWebDriver.execute(RemoteWebDriver.java:638)
	at org.openqa.selenium.remote.RemoteWebElement.execute(RemoteWebElement.java:274)
	at org.openqa.selenium.remote.RemoteWebElement.click(RemoteWebElement.java:84)
	at testSuite.AmaysimSettings.assertInvalidNickname(AmaysimSettings.java:56)
Caused by: org.openqa.selenium.ElementNotVisibleException: Element is not currently visible and so may not be interacted with
Build info: version: '3.3.1', revision: '5234b32', time: '2017-03-10 09:04:52 -0800'
System info: host: 'ISD-PF01BZG8', ip: '9.80.119.78', os.name: 'Windows 7', os.arch: 'amd64', os.version: '6.1', java.version: '1.8.0'
Driver info: driver.version: unknown
	at <anonymous class>.fxdriver.preconditions.visible(file:///C:/Users/IBM_AD~1/AppData/Local/Temp/anonymous4174923060777058084webdriver-profile/extensions/fxdriver@googlecode.com/components/command-processor.js:10749)
	at <anonymous class>.DelayedCommand.prototype.checkPreconditions_(file:///C:/Users/IBM_AD~1/AppData/Local/Temp/anonymous4174923060777058084webdriver-profile/extensions/fxdriver@googlecode.com/components/command-processor.js:12689)
	at <anonymous class>.DelayedCommand.prototype.executeInternal_/k(file:///C:/Users/IBM_AD~1/AppData/Local/Temp/anonymous4174923060777058084webdriver-profile/extensions/fxdriver@googlecode.com/components/command-processor.js:12706)
	at <anonymous class>.fxdriver.Timer.prototype.setTimeout/<.notify(file:///C:/Users/IBM_AD~1/AppData/Local/Temp/anonymous4174923060777058084webdriver-profile/extensions/fxdriver@googlecode.com/components/command-processor.js:720)
... Removed 29 stack frames]]>
    </failure>
  </testcase> <!-- assertInvalidNickname -->
</testsuite> <!-- Test -->
