<?xml version="1.0" encoding="UTF-8"?>
<!-- Generated by org.testng.reporters.JUnitXMLReporter -->
<testsuite hostname="ISD-PF01BZG8" ignored="0" name="Test(failed)" tests="2" failures="2" timestamp="04 May 2017 13:47:47 GMT" time="86.589" errors="0">
  <testcase name="@AfterClass tearDown" time="0.09" classname="testSuite.AmaysimSettings">
    <failure type="org.openqa.selenium.WebDriverException" message="Element &amp;lt;a href=&amp;quot;/my-account/my-amaysim/logout&amp;quot; class=&amp;quot;uluru logout-link border-none&amp;quot; data-method=&amp;quot;DELETE&amp;quot; id=&amp;quot;logout-link&amp;quot; rel=&amp;quot;nofollow&amp;quot;&amp;gt;&amp;lt;/a&amp;gt; is not clickable at point (1299.5166015625, 30). Other element would receive the click: &amp;lt;div class=&amp;quot;tiny ama-loading-bg&amp;quot; id=&amp;quot;ajax_loading&amp;quot; style=&amp;quot;display: block;&amp;quot;&amp;gt;&amp;lt;/div&amp;gt;
Command duration or timeout: 72 milliseconds
Build info: version: &amp;apos;3.3.1&amp;apos;, revision: &amp;apos;5234b32&amp;apos;, time: &amp;apos;2017-03-10 09:04:52 -0800&amp;apos;
System info: host: &amp;apos;ISD-PF01BZG8&amp;apos;, ip: &amp;apos;9.80.119.78&amp;apos;, os.name: &amp;apos;Windows 7&amp;apos;, os.arch: &amp;apos;amd64&amp;apos;, os.version: &amp;apos;6.1&amp;apos;, java.version: &amp;apos;1.8.0&amp;apos;
Driver info: org.openqa.selenium.firefox.FirefoxDriver
Capabilities [{applicationCacheEnabled=true, rotatable=false, handlesAlerts=true, databaseEnabled=true, version=47.0.2, platform=WINDOWS, nativeEvents=false, acceptSslCerts=true, webStorageEnabled=true, locationContextEnabled=true, browserName=firefox, takesScreenshot=true, javascriptEnabled=true, cssSelectorsEnabled=true}]
Session ID: a1f61067-49c5-49dc-be24-03be25ac33bb">
      <![CDATA[org.openqa.selenium.WebDriverException: Element <a href="/my-account/my-amaysim/logout" class="uluru logout-link border-none" data-method="DELETE" id="logout-link" rel="nofollow"></a> is not clickable at point (1299.5166015625, 30). Other element would receive the click: <div class="tiny ama-loading-bg" id="ajax_loading" style="display: block;"></div>
Command duration or timeout: 72 milliseconds
Build info: version: '3.3.1', revision: '5234b32', time: '2017-03-10 09:04:52 -0800'
System info: host: 'ISD-PF01BZG8', ip: '9.80.119.78', os.name: 'Windows 7', os.arch: 'amd64', os.version: '6.1', java.version: '1.8.0'
Driver info: org.openqa.selenium.firefox.FirefoxDriver
Capabilities [{applicationCacheEnabled=true, rotatable=false, handlesAlerts=true, databaseEnabled=true, version=47.0.2, platform=WINDOWS, nativeEvents=false, acceptSslCerts=true, webStorageEnabled=true, locationContextEnabled=true, browserName=firefox, takesScreenshot=true, javascriptEnabled=true, cssSelectorsEnabled=true}]
Session ID: a1f61067-49c5-49dc-be24-03be25ac33bb
	at org.openqa.selenium.remote.ErrorHandler.createThrowable(ErrorHandler.java:216)
	at org.openqa.selenium.remote.ErrorHandler.throwIfResponseFailed(ErrorHandler.java:168)
	at org.openqa.selenium.remote.RemoteWebDriver.execute(RemoteWebDriver.java:638)
	at org.openqa.selenium.remote.RemoteWebElement.execute(RemoteWebElement.java:274)
	at org.openqa.selenium.remote.RemoteWebElement.click(RemoteWebElement.java:84)
	at testSuite.AmaysimSettings.tearDown(AmaysimSettings.java:74)
... Removed 29 stack frames]]>
    </failure>
  </testcase> <!-- @AfterClass tearDown -->
  <testcase name="assertValidNickname" time="24.409" classname="testSuite.AmaysimSettings">
    <failure type="org.openqa.selenium.WebDriverException" message="Element &amp;lt;input class=&amp;quot;button-green-action small-12 medium-7 medium-offset-1 large-offset-2 columns&amp;quot; name=&amp;quot;commit&amp;quot; value=&amp;quot;Save&amp;quot; type=&amp;quot;submit&amp;quot;&amp;gt; is not clickable at point (976.5999755859375, 288). Other element would receive the click: &amp;lt;div class=&amp;quot;ajax-loading-container&amp;quot;&amp;gt;&amp;lt;/div&amp;gt;
Command duration or timeout: 100 milliseconds
Build info: version: &amp;apos;3.3.1&amp;apos;, revision: &amp;apos;5234b32&amp;apos;, time: &amp;apos;2017-03-10 09:04:52 -0800&amp;apos;
System info: host: &amp;apos;ISD-PF01BZG8&amp;apos;, ip: &amp;apos;9.80.119.78&amp;apos;, os.name: &amp;apos;Windows 7&amp;apos;, os.arch: &amp;apos;amd64&amp;apos;, os.version: &amp;apos;6.1&amp;apos;, java.version: &amp;apos;1.8.0&amp;apos;
Driver info: org.openqa.selenium.firefox.FirefoxDriver
Capabilities [{applicationCacheEnabled=true, rotatable=false, handlesAlerts=true, databaseEnabled=true, version=47.0.2, platform=WINDOWS, nativeEvents=false, acceptSslCerts=true, webStorageEnabled=true, locationContextEnabled=true, browserName=firefox, takesScreenshot=true, javascriptEnabled=true, cssSelectorsEnabled=true}]
Session ID: a1f61067-49c5-49dc-be24-03be25ac33bb">
      <![CDATA[org.openqa.selenium.WebDriverException: Element <input class="button-green-action small-12 medium-7 medium-offset-1 large-offset-2 columns" name="commit" value="Save" type="submit"> is not clickable at point (976.5999755859375, 288). Other element would receive the click: <div class="ajax-loading-container"></div>
Command duration or timeout: 100 milliseconds
Build info: version: '3.3.1', revision: '5234b32', time: '2017-03-10 09:04:52 -0800'
System info: host: 'ISD-PF01BZG8', ip: '9.80.119.78', os.name: 'Windows 7', os.arch: 'amd64', os.version: '6.1', java.version: '1.8.0'
Driver info: org.openqa.selenium.firefox.FirefoxDriver
Capabilities [{applicationCacheEnabled=true, rotatable=false, handlesAlerts=true, databaseEnabled=true, version=47.0.2, platform=WINDOWS, nativeEvents=false, acceptSslCerts=true, webStorageEnabled=true, locationContextEnabled=true, browserName=firefox, takesScreenshot=true, javascriptEnabled=true, cssSelectorsEnabled=true}]
Session ID: a1f61067-49c5-49dc-be24-03be25ac33bb
	at org.openqa.selenium.remote.ErrorHandler.createThrowable(ErrorHandler.java:216)
	at org.openqa.selenium.remote.ErrorHandler.throwIfResponseFailed(ErrorHandler.java:168)
	at org.openqa.selenium.remote.RemoteWebDriver.execute(RemoteWebDriver.java:638)
	at org.openqa.selenium.remote.RemoteWebElement.execute(RemoteWebElement.java:274)
	at org.openqa.selenium.remote.RemoteWebElement.click(RemoteWebElement.java:84)
	at testSuite.AmaysimSettings.assertValidNickname(AmaysimSettings.java:45)
... Removed 29 stack frames]]>
    </failure>
  </testcase> <!-- assertValidNickname -->
  <testcase name="assertInvalidNickname" time="0.217" classname="testSuite.AmaysimSettings">
    <failure type="org.openqa.selenium.WebDriverException" message="Element &amp;lt;a href=&amp;quot;/my-account/my-amaysim/settings&amp;quot;&amp;gt;&amp;lt;/a&amp;gt; is not clickable at point (111, 480.6000061035156). Other element would receive the click: &amp;lt;div class=&amp;quot;tiny ama-loading-bg&amp;quot; id=&amp;quot;ajax_loading&amp;quot; style=&amp;quot;display: block;&amp;quot;&amp;gt;&amp;lt;/div&amp;gt;
Command duration or timeout: 76 milliseconds
Build info: version: &amp;apos;3.3.1&amp;apos;, revision: &amp;apos;5234b32&amp;apos;, time: &amp;apos;2017-03-10 09:04:52 -0800&amp;apos;
System info: host: &amp;apos;ISD-PF01BZG8&amp;apos;, ip: &amp;apos;9.80.119.78&amp;apos;, os.name: &amp;apos;Windows 7&amp;apos;, os.arch: &amp;apos;amd64&amp;apos;, os.version: &amp;apos;6.1&amp;apos;, java.version: &amp;apos;1.8.0&amp;apos;
Driver info: org.openqa.selenium.firefox.FirefoxDriver
Capabilities [{applicationCacheEnabled=true, rotatable=false, handlesAlerts=true, databaseEnabled=true, version=47.0.2, platform=WINDOWS, nativeEvents=false, acceptSslCerts=true, webStorageEnabled=true, locationContextEnabled=true, browserName=firefox, takesScreenshot=true, javascriptEnabled=true, cssSelectorsEnabled=true}]
Session ID: a1f61067-49c5-49dc-be24-03be25ac33bb">
      <![CDATA[org.openqa.selenium.WebDriverException: Element <a href="/my-account/my-amaysim/settings"></a> is not clickable at point (111, 480.6000061035156). Other element would receive the click: <div class="tiny ama-loading-bg" id="ajax_loading" style="display: block;"></div>
Command duration or timeout: 76 milliseconds
Build info: version: '3.3.1', revision: '5234b32', time: '2017-03-10 09:04:52 -0800'
System info: host: 'ISD-PF01BZG8', ip: '9.80.119.78', os.name: 'Windows 7', os.arch: 'amd64', os.version: '6.1', java.version: '1.8.0'
Driver info: org.openqa.selenium.firefox.FirefoxDriver
Capabilities [{applicationCacheEnabled=true, rotatable=false, handlesAlerts=true, databaseEnabled=true, version=47.0.2, platform=WINDOWS, nativeEvents=false, acceptSslCerts=true, webStorageEnabled=true, locationContextEnabled=true, browserName=firefox, takesScreenshot=true, javascriptEnabled=true, cssSelectorsEnabled=true}]
Session ID: a1f61067-49c5-49dc-be24-03be25ac33bb
	at org.openqa.selenium.remote.ErrorHandler.createThrowable(ErrorHandler.java:216)
	at org.openqa.selenium.remote.ErrorHandler.throwIfResponseFailed(ErrorHandler.java:168)
	at org.openqa.selenium.remote.RemoteWebDriver.execute(RemoteWebDriver.java:638)
	at org.openqa.selenium.remote.RemoteWebElement.execute(RemoteWebElement.java:274)
	at org.openqa.selenium.remote.RemoteWebElement.click(RemoteWebElement.java:84)
	at testSuite.AmaysimSettings.assertInvalidNickname(AmaysimSettings.java:59)
... Removed 29 stack frames]]>
    </failure>
  </testcase> <!-- assertInvalidNickname -->
</testsuite> <!-- Test(failed) -->
