<!DOCTYPE html PUBLIC "-//W3C//DTD XHTML 1.1//EN" "http://www.w3.org/TR/xhtml11/DTD/xhtml11.dtd">
<html xmlns="http://www.w3.org/1999/xhtml"><head><title>TestNG Report</title><style type="text/css">table {margin-bottom:10px;border-collapse:collapse;empty-cells:show}th,td {border:1px solid #009;padding:.25em .5em}th {vertical-align:bottom}td {vertical-align:top}table a {font-weight:bold}.stripe td {background-color: #E6EBF9}.num {text-align:right}.passedodd td {background-color: #3F3}.passedeven td {background-color: #0A0}.skippedodd td {background-color: #DDD}.skippedeven td {background-color: #CCC}.failedodd td,.attn {background-color: #F33}.failedeven td,.stripe .attn {background-color: #D00}.stacktrace {white-space:pre;font-family:monospace}.totop {font-size:85%;text-align:center;border-bottom:2px solid #000}</style></head><body><table><tr><th>Test</th><th># Passed</th><th># Skipped</th><th># Failed</th><th>Time (ms)</th><th>Included Groups</th><th>Excluded Groups</th></tr><tr><th colspan="7">Test Automation Suite</th></tr><tr><td><a href="#t0">Test MyAmaysim Settings</a></td><td class="num">8</td><td class="num">0</td><td class="num attn">4</td><td class="num">340,713</td><td></td><td></td></tr></table><table id='summary'><thead><tr><th>Class</th><th>Method</th><th>Start</th><th>Time (ms)</th></tr></thead><tbody><tr><th colspan="4">Test Automation Suite</th></tr></tbody><tbody id="t0"><tr><th colspan="4">Test MyAmaysim Settings &#8212; failed</th></tr><tr class="failedeven"><td rowspan="4">testSuite.AmaysimSettings</td><td><a href="#m0">assertCallerID</a></td><td rowspan="1">1494007770921</td><td rowspan="1">3077</td></tr><tr class="failedeven"><td><a href="#m1">assertSMSLimit</a></td><td rowspan="1">1494007902944</td><td rowspan="1">4022</td></tr><tr class="failedeven"><td><a href="#m2">assertUsageAlerts</a></td><td rowspan="1">1494007827553</td><td rowspan="1">2371</td></tr><tr class="failedeven"><td><a href="#m3">assertVoiceMail</a></td><td rowspan="1">1494007811941</td><td rowspan="1">3718</td></tr><tr><th colspan="4">Test MyAmaysim Settings &#8212; passed</th></tr><tr class="passedeven"><td rowspan="8">testSuite.AmaysimSettings</td><td><a href="#m4">assertAutoRcg</a></td><td rowspan="1">1494007918826</td><td rowspan="1">26087</td></tr><tr class="passedeven"><td><a href="#m5">assertCallFwd</a></td><td rowspan="1">1494007863590</td><td rowspan="1">25261</td></tr><tr class="passedeven"><td><a href="#m6">assertCallWait</a></td><td rowspan="1">1494007785278</td><td rowspan="1">9453</td></tr><tr class="passedeven"><td><a href="#m7">assertIntlRoam</a></td><td rowspan="1">1494007842428</td><td rowspan="1">9228</td></tr><tr class="passedeven"><td><a href="#m8">assertInvalidNickname</a></td><td rowspan="1">1494007676898</td><td rowspan="1">20970</td></tr><tr class="passedeven"><td><a href="#m9">assertInvalidPin</a></td><td rowspan="1">1494007744788</td><td rowspan="1">11743</td></tr><tr class="passedeven"><td><a href="#m10">assertValidNickname</a></td><td rowspan="1">1494007649278</td><td rowspan="1">14418</td></tr><tr class="passedeven"><td><a href="#m11">assertValidPin</a></td><td rowspan="1">1494007713683</td><td rowspan="1">16764</td></tr></tbody></table><h2>Test MyAmaysim Settings</h2><h3 id="m0">testSuite.AmaysimSettings#assertCallerID</h3><table class="result"><tr><th>Exception</th></tr><tr><td><div class="stacktrace">org.openqa.selenium.WebDriverException: Element &lt;a href=&quot;/my-account/my-amaysim/settings&quot;&gt;&lt;/a&gt; is not clickable at point (112, 480.6000061035156). Other element would receive the click: &lt;div style=&quot;display: block; opacity: 0.00142055;&quot; class=&quot;reveal-modal-bg&quot;&gt;&lt;/div&gt;
Command duration or timeout: 87 milliseconds
Build info: version: &apos;3.3.1&apos;, revision: &apos;5234b32&apos;, time: &apos;2017-03-10 09:04:52 -0800&apos;
System info: host: &apos;ISD-PF01BZG8&apos;, ip: &apos;169.254.235.59&apos;, os.name: &apos;Windows 7&apos;, os.arch: &apos;amd64&apos;, os.version: &apos;6.1&apos;, java.version: &apos;1.8.0_31&apos;
Driver info: org.openqa.selenium.firefox.FirefoxDriver
Capabilities [{applicationCacheEnabled=true, rotatable=false, handlesAlerts=true, databaseEnabled=true, version=47.0.2, platform=WINDOWS, nativeEvents=false, acceptSslCerts=true, webStorageEnabled=true, locationContextEnabled=true, browserName=firefox, takesScreenshot=true, javascriptEnabled=true, cssSelectorsEnabled=true}]
Session ID: cfe0688f-0ed3-4d22-bb61-1e4b94278a4c
	at org.openqa.selenium.remote.ErrorHandler.createThrowable(ErrorHandler.java:216)
	at org.openqa.selenium.remote.ErrorHandler.throwIfResponseFailed(ErrorHandler.java:168)
	at org.openqa.selenium.remote.RemoteWebDriver.execute(RemoteWebDriver.java:638)
	at org.openqa.selenium.remote.RemoteWebElement.execute(RemoteWebElement.java:274)
	at org.openqa.selenium.remote.RemoteWebElement.click(RemoteWebElement.java:84)
	at testSuite.AmaysimSettings.assertCallerID(AmaysimSettings.java:123)
... Removed 28 stack frames</div></td></tr></table><p class="totop"><a href="#summary">back to summary</a></p><h3 id="m1">testSuite.AmaysimSettings#assertSMSLimit</h3><table class="result"><tr><th>Exception</th></tr><tr><td><div class="stacktrace">org.openqa.selenium.WebDriverException: Element &lt;a href=&quot;/my-account/my-amaysim/settings&quot;&gt;&lt;/a&gt; is not clickable at point (112, 480.6000061035156). Other element would receive the click: &lt;div style=&quot;display: block; opacity: 0.0264508;&quot; class=&quot;reveal-modal-bg&quot;&gt;&lt;/div&gt;
Command duration or timeout: 80 milliseconds
Build info: version: &apos;3.3.1&apos;, revision: &apos;5234b32&apos;, time: &apos;2017-03-10 09:04:52 -0800&apos;
System info: host: &apos;ISD-PF01BZG8&apos;, ip: &apos;169.254.235.59&apos;, os.name: &apos;Windows 7&apos;, os.arch: &apos;amd64&apos;, os.version: &apos;6.1&apos;, java.version: &apos;1.8.0_31&apos;
Driver info: org.openqa.selenium.firefox.FirefoxDriver
Capabilities [{applicationCacheEnabled=true, rotatable=false, handlesAlerts=true, databaseEnabled=true, version=47.0.2, platform=WINDOWS, nativeEvents=false, acceptSslCerts=true, webStorageEnabled=true, locationContextEnabled=true, browserName=firefox, takesScreenshot=true, javascriptEnabled=true, cssSelectorsEnabled=true}]
Session ID: cfe0688f-0ed3-4d22-bb61-1e4b94278a4c
	at org.openqa.selenium.remote.ErrorHandler.createThrowable(ErrorHandler.java:216)
	at org.openqa.selenium.remote.ErrorHandler.throwIfResponseFailed(ErrorHandler.java:168)
	at org.openqa.selenium.remote.RemoteWebDriver.execute(RemoteWebDriver.java:638)
	at org.openqa.selenium.remote.RemoteWebElement.execute(RemoteWebElement.java:274)
	at org.openqa.selenium.remote.RemoteWebElement.click(RemoteWebElement.java:84)
	at testSuite.AmaysimSettings.assertSMSLimit(AmaysimSettings.java:221)
... Removed 28 stack frames</div></td></tr></table><p class="totop"><a href="#summary">back to summary</a></p><h3 id="m2">testSuite.AmaysimSettings#assertUsageAlerts</h3><table class="result"><tr><th>Exception</th></tr><tr><td><div class="stacktrace">org.openqa.selenium.WebDriverException: Element &lt;a href=&quot;/my-account/my-amaysim/settings&quot;&gt;&lt;/a&gt; is not clickable at point (112, 480.6000061035156). Other element would receive the click: &lt;div style=&quot;display: block; opacity: 0.0559318;&quot; class=&quot;reveal-modal-bg&quot;&gt;&lt;/div&gt;
Command duration or timeout: 78 milliseconds
Build info: version: &apos;3.3.1&apos;, revision: &apos;5234b32&apos;, time: &apos;2017-03-10 09:04:52 -0800&apos;
System info: host: &apos;ISD-PF01BZG8&apos;, ip: &apos;169.254.235.59&apos;, os.name: &apos;Windows 7&apos;, os.arch: &apos;amd64&apos;, os.version: &apos;6.1&apos;, java.version: &apos;1.8.0_31&apos;
Driver info: org.openqa.selenium.firefox.FirefoxDriver
Capabilities [{applicationCacheEnabled=true, rotatable=false, handlesAlerts=true, databaseEnabled=true, version=47.0.2, platform=WINDOWS, nativeEvents=false, acceptSslCerts=true, webStorageEnabled=true, locationContextEnabled=true, browserName=firefox, takesScreenshot=true, javascriptEnabled=true, cssSelectorsEnabled=true}]
Session ID: cfe0688f-0ed3-4d22-bb61-1e4b94278a4c
	at org.openqa.selenium.remote.ErrorHandler.createThrowable(ErrorHandler.java:216)
	at org.openqa.selenium.remote.ErrorHandler.throwIfResponseFailed(ErrorHandler.java:168)
	at org.openqa.selenium.remote.RemoteWebDriver.execute(RemoteWebDriver.java:638)
	at org.openqa.selenium.remote.RemoteWebElement.execute(RemoteWebElement.java:274)
	at org.openqa.selenium.remote.RemoteWebElement.click(RemoteWebElement.java:84)
	at testSuite.AmaysimSettings.assertUsageAlerts(AmaysimSettings.java:168)
... Removed 28 stack frames</div></td></tr></table><p class="totop"><a href="#summary">back to summary</a></p><h3 id="m3">testSuite.AmaysimSettings#assertVoiceMail</h3><table class="result"><tr><th>Exception</th></tr><tr><td><div class="stacktrace">org.openqa.selenium.WebDriverException: Element &lt;a href=&quot;/my-account/my-amaysim/settings&quot;&gt;&lt;/a&gt; is not clickable at point (112, 480.6000061035156). Other element would receive the click: &lt;div style=&quot;display: block; opacity: 0.0351118;&quot; class=&quot;reveal-modal-bg&quot;&gt;&lt;/div&gt;
Command duration or timeout: 73 milliseconds
Build info: version: &apos;3.3.1&apos;, revision: &apos;5234b32&apos;, time: &apos;2017-03-10 09:04:52 -0800&apos;
System info: host: &apos;ISD-PF01BZG8&apos;, ip: &apos;169.254.235.59&apos;, os.name: &apos;Windows 7&apos;, os.arch: &apos;amd64&apos;, os.version: &apos;6.1&apos;, java.version: &apos;1.8.0_31&apos;
Driver info: org.openqa.selenium.firefox.FirefoxDriver
Capabilities [{applicationCacheEnabled=true, rotatable=false, handlesAlerts=true, databaseEnabled=true, version=47.0.2, platform=WINDOWS, nativeEvents=false, acceptSslCerts=true, webStorageEnabled=true, locationContextEnabled=true, browserName=firefox, takesScreenshot=true, javascriptEnabled=true, cssSelectorsEnabled=true}]
Session ID: cfe0688f-0ed3-4d22-bb61-1e4b94278a4c
	at org.openqa.selenium.remote.ErrorHandler.createThrowable(ErrorHandler.java:216)
	at org.openqa.selenium.remote.ErrorHandler.throwIfResponseFailed(ErrorHandler.java:168)
	at org.openqa.selenium.remote.RemoteWebDriver.execute(RemoteWebDriver.java:638)
	at org.openqa.selenium.remote.RemoteWebElement.execute(RemoteWebElement.java:274)
	at org.openqa.selenium.remote.RemoteWebElement.click(RemoteWebElement.java:84)
	at testSuite.AmaysimSettings.assertVoiceMail(AmaysimSettings.java:153)
... Removed 28 stack frames</div></td></tr></table><p class="totop"><a href="#summary">back to summary</a></p><h3 id="m4">testSuite.AmaysimSettings#assertAutoRcg</h3><table class="result"></table><p class="totop"><a href="#summary">back to summary</a></p><h3 id="m5">testSuite.AmaysimSettings#assertCallFwd</h3><table class="result"></table><p class="totop"><a href="#summary">back to summary</a></p><h3 id="m6">testSuite.AmaysimSettings#assertCallWait</h3><table class="result"></table><p class="totop"><a href="#summary">back to summary</a></p><h3 id="m7">testSuite.AmaysimSettings#assertIntlRoam</h3><table class="result"></table><p class="totop"><a href="#summary">back to summary</a></p><h3 id="m8">testSuite.AmaysimSettings#assertInvalidNickname</h3><table class="result"></table><p class="totop"><a href="#summary">back to summary</a></p><h3 id="m9">testSuite.AmaysimSettings#assertInvalidPin</h3><table class="result"></table><p class="totop"><a href="#summary">back to summary</a></p><h3 id="m10">testSuite.AmaysimSettings#assertValidNickname</h3><table class="result"></table><p class="totop"><a href="#summary">back to summary</a></p><h3 id="m11">testSuite.AmaysimSettings#assertValidPin</h3><table class="result"></table><p class="totop"><a href="#summary">back to summary</a></p></body></html>