<!DOCTYPE html>

<html>
  <head>
  <meta charset='utf-8'>
  <title>TestNG reports</title>

    <link type="text/css" href="testng-reports.css" rel="stylesheet" />
    <script type="text/javascript" src="jquery-1.7.1.min.js"></script>
    <script type="text/javascript" src="testng-reports.js"></script>
    <script type="text/javascript" src="https://www.google.com/jsapi"></script>
    <script type='text/javascript'>
      google.load('visualization', '1', {packages:['table']});
      google.setOnLoadCallback(drawTable);
      var suiteTableInitFunctions = new Array();
      var suiteTableData = new Array();
    </script>
    <!--
      <script type="text/javascript" src="jquery-ui/js/jquery-ui-1.8.16.custom.min.js"></script>
     -->
  </head>

  <body>
    <div class="top-banner-root">
      <span class="top-banner-title-font">Test results</span>
      <br/>
      <span class="top-banner-font-1">1 suite, 4 failed tests</span>
    </div> <!-- top-banner-root -->
    <div class="navigator-root">
      <div class="navigator-suite-header">
        <span>All suites</span>
        <a href="#" class="collapse-all-link" title="Collapse/expand all the suites">
          <img class="collapse-all-icon" src="collapseall.gif">
          </img> <!-- collapse-all-icon -->
        </a> <!-- collapse-all-link -->
      </div> <!-- navigator-suite-header -->
      <div class="suite">
        <div class="rounded-window">
          <div class="suite-header light-rounded-window-top">
            <a href="#" class="navigator-link" panel-name="suite-Test_Automation_Suite">
              <span class="suite-name border-failed">Test Automation Suite</span>
            </a> <!-- navigator-link -->
          </div> <!-- suite-header light-rounded-window-top -->
          <div class="navigator-suite-content">
            <div class="suite-section-title">
              <span>Info</span>
            </div> <!-- suite-section-title -->
            <div class="suite-section-content">
              <ul>
                <li>
                  <a href="#" class="navigator-link " panel-name="test-xml-Test_Automation_Suite">
                    <span>C:\QA\MyAmaysim\TestAutomationTask\testng.xml</span>
                  </a> <!-- navigator-link  -->
                </li>
                <li>
                  <a href="#" class="navigator-link " panel-name="testlist-Test_Automation_Suite">
                    <span class="test-stats">1 test</span>
                  </a> <!-- navigator-link  -->
                </li>
                <li>
                  <a href="#" class="navigator-link " panel-name="group-Test_Automation_Suite">
                    <span>0 groups</span>
                  </a> <!-- navigator-link  -->
                </li>
                <li>
                  <a href="#" class="navigator-link " panel-name="times-Test_Automation_Suite">
                    <span>Times</span>
                  </a> <!-- navigator-link  -->
                </li>
                <li>
                  <a href="#" class="navigator-link " panel-name="reporter-Test_Automation_Suite">
                    <span>Reporter output</span>
                  </a> <!-- navigator-link  -->
                </li>
                <li>
                  <a href="#" class="navigator-link " panel-name="ignored-methods-Test_Automation_Suite">
                    <span>Ignored methods</span>
                  </a> <!-- navigator-link  -->
                </li>
                <li>
                  <a href="#" class="navigator-link " panel-name="chronological-Test_Automation_Suite">
                    <span>Chronological view</span>
                  </a> <!-- navigator-link  -->
                </li>
              </ul>
            </div> <!-- suite-section-content -->
            <div class="result-section">
              <div class="suite-section-title">
                <span>Results</span>
              </div> <!-- suite-section-title -->
              <div class="suite-section-content">
                <ul>
                  <li>
                    <span class="method-stats">12 methods, 4 failed,   8 passed</span>
                  </li>
                  <li>
                    <span class="method-list-title failed">Failed methods</span>
                    <span class="show-or-hide-methods failed">
                      <a href="#" panel-name="suite-Test_Automation_Suite" class="hide-methods failed suite-Test_Automation_Suite"> (hide)</a> <!-- hide-methods failed suite-Test_Automation_Suite -->
                      <a href="#" panel-name="suite-Test_Automation_Suite" class="show-methods failed suite-Test_Automation_Suite"> (show)</a> <!-- show-methods failed suite-Test_Automation_Suite -->
                    </span>
                    <div class="method-list-content failed suite-Test_Automation_Suite">
                      <span>
                        <img width="3%" src="failed.png"/>
                        <a href="#" class="method navigator-link" panel-name="suite-Test_Automation_Suite" title="testSuite.AmaysimSettings" hash-for-method="assertCallerID">assertCallerID</a> <!-- method navigator-link -->
                      </span>
                      <br/>
                      <span>
                        <img width="3%" src="failed.png"/>
                        <a href="#" class="method navigator-link" panel-name="suite-Test_Automation_Suite" title="testSuite.AmaysimSettings" hash-for-method="assertSMSLimit">assertSMSLimit</a> <!-- method navigator-link -->
                      </span>
                      <br/>
                      <span>
                        <img width="3%" src="failed.png"/>
                        <a href="#" class="method navigator-link" panel-name="suite-Test_Automation_Suite" title="testSuite.AmaysimSettings" hash-for-method="assertUsageAlerts">assertUsageAlerts</a> <!-- method navigator-link -->
                      </span>
                      <br/>
                      <span>
                        <img width="3%" src="failed.png"/>
                        <a href="#" class="method navigator-link" panel-name="suite-Test_Automation_Suite" title="testSuite.AmaysimSettings" hash-for-method="assertVoiceMail">assertVoiceMail</a> <!-- method navigator-link -->
                      </span>
                      <br/>
                    </div> <!-- method-list-content failed suite-Test_Automation_Suite -->
                  </li>
                  <li>
                    <span class="method-list-title passed">Passed methods</span>
                    <span class="show-or-hide-methods passed">
                      <a href="#" panel-name="suite-Test_Automation_Suite" class="hide-methods passed suite-Test_Automation_Suite"> (hide)</a> <!-- hide-methods passed suite-Test_Automation_Suite -->
                      <a href="#" panel-name="suite-Test_Automation_Suite" class="show-methods passed suite-Test_Automation_Suite"> (show)</a> <!-- show-methods passed suite-Test_Automation_Suite -->
                    </span>
                    <div class="method-list-content passed suite-Test_Automation_Suite">
                      <span>
                        <img width="3%" src="passed.png"/>
                        <a href="#" class="method navigator-link" panel-name="suite-Test_Automation_Suite" title="testSuite.AmaysimSettings" hash-for-method="assertAutoRcg">assertAutoRcg</a> <!-- method navigator-link -->
                      </span>
                      <br/>
                      <span>
                        <img width="3%" src="passed.png"/>
                        <a href="#" class="method navigator-link" panel-name="suite-Test_Automation_Suite" title="testSuite.AmaysimSettings" hash-for-method="assertCallFwd">assertCallFwd</a> <!-- method navigator-link -->
                      </span>
                      <br/>
                      <span>
                        <img width="3%" src="passed.png"/>
                        <a href="#" class="method navigator-link" panel-name="suite-Test_Automation_Suite" title="testSuite.AmaysimSettings" hash-for-method="assertCallWait">assertCallWait</a> <!-- method navigator-link -->
                      </span>
                      <br/>
                      <span>
                        <img width="3%" src="passed.png"/>
                        <a href="#" class="method navigator-link" panel-name="suite-Test_Automation_Suite" title="testSuite.AmaysimSettings" hash-for-method="assertIntlRoam">assertIntlRoam</a> <!-- method navigator-link -->
                      </span>
                      <br/>
                      <span>
                        <img width="3%" src="passed.png"/>
                        <a href="#" class="method navigator-link" panel-name="suite-Test_Automation_Suite" title="testSuite.AmaysimSettings" hash-for-method="assertInvalidNickname">assertInvalidNickname</a> <!-- method navigator-link -->
                      </span>
                      <br/>
                      <span>
                        <img width="3%" src="passed.png"/>
                        <a href="#" class="method navigator-link" panel-name="suite-Test_Automation_Suite" title="testSuite.AmaysimSettings" hash-for-method="assertInvalidPin">assertInvalidPin</a> <!-- method navigator-link -->
                      </span>
                      <br/>
                      <span>
                        <img width="3%" src="passed.png"/>
                        <a href="#" class="method navigator-link" panel-name="suite-Test_Automation_Suite" title="testSuite.AmaysimSettings" hash-for-method="assertValidNickname">assertValidNickname</a> <!-- method navigator-link -->
                      </span>
                      <br/>
                      <span>
                        <img width="3%" src="passed.png"/>
                        <a href="#" class="method navigator-link" panel-name="suite-Test_Automation_Suite" title="testSuite.AmaysimSettings" hash-for-method="assertValidPin">assertValidPin</a> <!-- method navigator-link -->
                      </span>
                      <br/>
                    </div> <!-- method-list-content passed suite-Test_Automation_Suite -->
                  </li>
                </ul>
              </div> <!-- suite-section-content -->
            </div> <!-- result-section -->
          </div> <!-- navigator-suite-content -->
        </div> <!-- rounded-window -->
      </div> <!-- suite -->
    </div> <!-- navigator-root -->
    <div class="wrapper">
      <div class="main-panel-root">
        <div panel-name="suite-Test_Automation_Suite" class="panel Test_Automation_Suite">
          <div class="suite-Test_Automation_Suite-class-failed">
            <div class="main-panel-header rounded-window-top">
              <img src="failed.png"/>
              <span class="class-name">testSuite.AmaysimSettings</span>
            </div> <!-- main-panel-header rounded-window-top -->
            <div class="main-panel-content rounded-window-bottom">
              <div class="method">
                <div class="method-content">
                  <a name="assertCallerID">
                  </a> <!-- assertCallerID -->
                  <span class="method-name">assertCallerID</span>
                  <div class="stack-trace">org.openqa.selenium.WebDriverException: Element &lt;a href=&quot;/my-account/my-amaysim/settings&quot;&gt;&lt;/a&gt; is not clickable at point (112, 480.6000061035156). Other element would receive the click: &lt;div style=&quot;display: block; opacity: 0.00142055;&quot; class=&quot;reveal-modal-bg&quot;&gt;&lt;/div&gt;
Command duration or timeout: 87 milliseconds
Build info: version: &apos;3.3.1&apos;, revision: &apos;5234b32&apos;, time: &apos;2017-03-10 09:04:52 -0800&apos;
System info: host: &apos;ISD-PF01BZG8&apos;, ip: &apos;169.254.235.59&apos;, os.name: &apos;Windows 7&apos;, os.arch: &apos;amd64&apos;, os.version: &apos;6.1&apos;, java.version: &apos;1.8.0_31&apos;
Driver info: org.openqa.selenium.firefox.FirefoxDriver
Capabilities [{applicationCacheEnabled=true, rotatable=false, handlesAlerts=true, databaseEnabled=true, version=47.0.2, platform=WINDOWS, nativeEvents=false, acceptSslCerts=true, webStorageEnabled=true, locationContextEnabled=true, browserName=firefox, takesScreenshot=true, javascriptEnabled=true, cssSelectorsEnabled=true}]
Session ID: cfe0688f-0ed3-4d22-bb61-1e4b94278a4c
	at org.openqa.selenium.remote.ErrorHandler.createThrowable(ErrorHandler.java:216)
	at org.openqa.selenium.remote.ErrorHandler.throwIfResponseFailed(ErrorHandler.java:168)
	at org.openqa.selenium.remote.RemoteWebDriver.execute(RemoteWebDriver.java:638)
	at org.openqa.selenium.remote.RemoteWebElement.execute(RemoteWebElement.java:274)
	at org.openqa.selenium.remote.RemoteWebElement.click(RemoteWebElement.java:84)
	at testSuite.AmaysimSettings.assertCallerID(AmaysimSettings.java:123)
... Removed 28 stack frames
</div> <!-- stack-trace -->
                </div> <!-- method-content -->
              </div> <!-- method -->
              <div class="method">
                <div class="method-content">
                  <a name="assertSMSLimit">
                  </a> <!-- assertSMSLimit -->
                  <span class="method-name">assertSMSLimit</span>
                  <div class="stack-trace">org.openqa.selenium.WebDriverException: Element &lt;a href=&quot;/my-account/my-amaysim/settings&quot;&gt;&lt;/a&gt; is not clickable at point (112, 480.6000061035156). Other element would receive the click: &lt;div style=&quot;display: block; opacity: 0.0264508;&quot; class=&quot;reveal-modal-bg&quot;&gt;&lt;/div&gt;
Command duration or timeout: 80 milliseconds
Build info: version: &apos;3.3.1&apos;, revision: &apos;5234b32&apos;, time: &apos;2017-03-10 09:04:52 -0800&apos;
System info: host: &apos;ISD-PF01BZG8&apos;, ip: &apos;169.254.235.59&apos;, os.name: &apos;Windows 7&apos;, os.arch: &apos;amd64&apos;, os.version: &apos;6.1&apos;, java.version: &apos;1.8.0_31&apos;
Driver info: org.openqa.selenium.firefox.FirefoxDriver
Capabilities [{applicationCacheEnabled=true, rotatable=false, handlesAlerts=true, databaseEnabled=true, version=47.0.2, platform=WINDOWS, nativeEvents=false, acceptSslCerts=true, webStorageEnabled=true, locationContextEnabled=true, browserName=firefox, takesScreenshot=true, javascriptEnabled=true, cssSelectorsEnabled=true}]
Session ID: cfe0688f-0ed3-4d22-bb61-1e4b94278a4c
	at org.openqa.selenium.remote.ErrorHandler.createThrowable(ErrorHandler.java:216)
	at org.openqa.selenium.remote.ErrorHandler.throwIfResponseFailed(ErrorHandler.java:168)
	at org.openqa.selenium.remote.RemoteWebDriver.execute(RemoteWebDriver.java:638)
	at org.openqa.selenium.remote.RemoteWebElement.execute(RemoteWebElement.java:274)
	at org.openqa.selenium.remote.RemoteWebElement.click(RemoteWebElement.java:84)
	at testSuite.AmaysimSettings.assertSMSLimit(AmaysimSettings.java:221)
... Removed 28 stack frames
</div> <!-- stack-trace -->
                </div> <!-- method-content -->
              </div> <!-- method -->
              <div class="method">
                <div class="method-content">
                  <a name="assertUsageAlerts">
                  </a> <!-- assertUsageAlerts -->
                  <span class="method-name">assertUsageAlerts</span>
                  <div class="stack-trace">org.openqa.selenium.WebDriverException: Element &lt;a href=&quot;/my-account/my-amaysim/settings&quot;&gt;&lt;/a&gt; is not clickable at point (112, 480.6000061035156). Other element would receive the click: &lt;div style=&quot;display: block; opacity: 0.0559318;&quot; class=&quot;reveal-modal-bg&quot;&gt;&lt;/div&gt;
Command duration or timeout: 78 milliseconds
Build info: version: &apos;3.3.1&apos;, revision: &apos;5234b32&apos;, time: &apos;2017-03-10 09:04:52 -0800&apos;
System info: host: &apos;ISD-PF01BZG8&apos;, ip: &apos;169.254.235.59&apos;, os.name: &apos;Windows 7&apos;, os.arch: &apos;amd64&apos;, os.version: &apos;6.1&apos;, java.version: &apos;1.8.0_31&apos;
Driver info: org.openqa.selenium.firefox.FirefoxDriver
Capabilities [{applicationCacheEnabled=true, rotatable=false, handlesAlerts=true, databaseEnabled=true, version=47.0.2, platform=WINDOWS, nativeEvents=false, acceptSslCerts=true, webStorageEnabled=true, locationContextEnabled=true, browserName=firefox, takesScreenshot=true, javascriptEnabled=true, cssSelectorsEnabled=true}]
Session ID: cfe0688f-0ed3-4d22-bb61-1e4b94278a4c
	at org.openqa.selenium.remote.ErrorHandler.createThrowable(ErrorHandler.java:216)
	at org.openqa.selenium.remote.ErrorHandler.throwIfResponseFailed(ErrorHandler.java:168)
	at org.openqa.selenium.remote.RemoteWebDriver.execute(RemoteWebDriver.java:638)
	at org.openqa.selenium.remote.RemoteWebElement.execute(RemoteWebElement.java:274)
	at org.openqa.selenium.remote.RemoteWebElement.click(RemoteWebElement.java:84)
	at testSuite.AmaysimSettings.assertUsageAlerts(AmaysimSettings.java:168)
... Removed 28 stack frames
</div> <!-- stack-trace -->
                </div> <!-- method-content -->
              </div> <!-- method -->
              <div class="method">
                <div class="method-content">
                  <a name="assertVoiceMail">
                  </a> <!-- assertVoiceMail -->
                  <span class="method-name">assertVoiceMail</span>
                  <div class="stack-trace">org.openqa.selenium.WebDriverException: Element &lt;a href=&quot;/my-account/my-amaysim/settings&quot;&gt;&lt;/a&gt; is not clickable at point (112, 480.6000061035156). Other element would receive the click: &lt;div style=&quot;display: block; opacity: 0.0351118;&quot; class=&quot;reveal-modal-bg&quot;&gt;&lt;/div&gt;
Command duration or timeout: 73 milliseconds
Build info: version: &apos;3.3.1&apos;, revision: &apos;5234b32&apos;, time: &apos;2017-03-10 09:04:52 -0800&apos;
System info: host: &apos;ISD-PF01BZG8&apos;, ip: &apos;169.254.235.59&apos;, os.name: &apos;Windows 7&apos;, os.arch: &apos;amd64&apos;, os.version: &apos;6.1&apos;, java.version: &apos;1.8.0_31&apos;
Driver info: org.openqa.selenium.firefox.FirefoxDriver
Capabilities [{applicationCacheEnabled=true, rotatable=false, handlesAlerts=true, databaseEnabled=true, version=47.0.2, platform=WINDOWS, nativeEvents=false, acceptSslCerts=true, webStorageEnabled=true, locationContextEnabled=true, browserName=firefox, takesScreenshot=true, javascriptEnabled=true, cssSelectorsEnabled=true}]
Session ID: cfe0688f-0ed3-4d22-bb61-1e4b94278a4c
	at org.openqa.selenium.remote.ErrorHandler.createThrowable(ErrorHandler.java:216)
	at org.openqa.selenium.remote.ErrorHandler.throwIfResponseFailed(ErrorHandler.java:168)
	at org.openqa.selenium.remote.RemoteWebDriver.execute(RemoteWebDriver.java:638)
	at org.openqa.selenium.remote.RemoteWebElement.execute(RemoteWebElement.java:274)
	at org.openqa.selenium.remote.RemoteWebElement.click(RemoteWebElement.java:84)
	at testSuite.AmaysimSettings.assertVoiceMail(AmaysimSettings.java:153)
... Removed 28 stack frames
</div> <!-- stack-trace -->
                </div> <!-- method-content -->
              </div> <!-- method -->
            </div> <!-- main-panel-content rounded-window-bottom -->
          </div> <!-- suite-Test_Automation_Suite-class-failed -->
          <div class="suite-Test_Automation_Suite-class-passed">
            <div class="main-panel-header rounded-window-top">
              <img src="passed.png"/>
              <span class="class-name">testSuite.AmaysimSettings</span>
            </div> <!-- main-panel-header rounded-window-top -->
            <div class="main-panel-content rounded-window-bottom">
              <div class="method">
                <div class="method-content">
                  <a name="assertAutoRcg">
                  </a> <!-- assertAutoRcg -->
                  <span class="method-name">assertAutoRcg</span>
                </div> <!-- method-content -->
              </div> <!-- method -->
              <div class="method">
                <div class="method-content">
                  <a name="assertCallFwd">
                  </a> <!-- assertCallFwd -->
                  <span class="method-name">assertCallFwd</span>
                </div> <!-- method-content -->
              </div> <!-- method -->
              <div class="method">
                <div class="method-content">
                  <a name="assertCallWait">
                  </a> <!-- assertCallWait -->
                  <span class="method-name">assertCallWait</span>
                </div> <!-- method-content -->
              </div> <!-- method -->
              <div class="method">
                <div class="method-content">
                  <a name="assertIntlRoam">
                  </a> <!-- assertIntlRoam -->
                  <span class="method-name">assertIntlRoam</span>
                </div> <!-- method-content -->
              </div> <!-- method -->
              <div class="method">
                <div class="method-content">
                  <a name="assertInvalidNickname">
                  </a> <!-- assertInvalidNickname -->
                  <span class="method-name">assertInvalidNickname</span>
                </div> <!-- method-content -->
              </div> <!-- method -->
              <div class="method">
                <div class="method-content">
                  <a name="assertInvalidPin">
                  </a> <!-- assertInvalidPin -->
                  <span class="method-name">assertInvalidPin</span>
                </div> <!-- method-content -->
              </div> <!-- method -->
              <div class="method">
                <div class="method-content">
                  <a name="assertValidNickname">
                  </a> <!-- assertValidNickname -->
                  <span class="method-name">assertValidNickname</span>
                </div> <!-- method-content -->
              </div> <!-- method -->
              <div class="method">
                <div class="method-content">
                  <a name="assertValidPin">
                  </a> <!-- assertValidPin -->
                  <span class="method-name">assertValidPin</span>
                </div> <!-- method-content -->
              </div> <!-- method -->
            </div> <!-- main-panel-content rounded-window-bottom -->
          </div> <!-- suite-Test_Automation_Suite-class-passed -->
        </div> <!-- panel Test_Automation_Suite -->
        <div panel-name="test-xml-Test_Automation_Suite" class="panel">
          <div class="main-panel-header rounded-window-top">
            <span class="header-content">C:\QA\MyAmaysim\TestAutomationTask\testng.xml</span>
          </div> <!-- main-panel-header rounded-window-top -->
          <div class="main-panel-content rounded-window-bottom">
            <pre>
&lt;?xml version=&quot;1.0&quot; encoding=&quot;UTF-8&quot;?&gt;
&lt;!DOCTYPE suite SYSTEM &quot;http://testng.org/testng-1.0.dtd&quot;&gt;
&lt;suite guice-stage=&quot;DEVELOPMENT&quot; name=&quot;Test Automation Suite&quot;&gt;
  &lt;test name=&quot;Test MyAmaysim Settings&quot;&gt;
    &lt;classes&gt;
      &lt;class name=&quot;testSuite.AmaysimSettings&quot;/&gt;
    &lt;/classes&gt;
  &lt;/test&gt; &lt;!-- Test MyAmaysim Settings --&gt;
&lt;/suite&gt; &lt;!-- Test Automation Suite --&gt;
            </pre>
          </div> <!-- main-panel-content rounded-window-bottom -->
        </div> <!-- panel -->
        <div panel-name="testlist-Test_Automation_Suite" class="panel">
          <div class="main-panel-header rounded-window-top">
            <span class="header-content">Tests for Test Automation Suite</span>
          </div> <!-- main-panel-header rounded-window-top -->
          <div class="main-panel-content rounded-window-bottom">
            <ul>
              <li>
                <span class="test-name">Test MyAmaysim Settings (1 class)</span>
              </li>
            </ul>
          </div> <!-- main-panel-content rounded-window-bottom -->
        </div> <!-- panel -->
        <div panel-name="group-Test_Automation_Suite" class="panel">
          <div class="main-panel-header rounded-window-top">
            <span class="header-content">Groups for Test Automation Suite</span>
          </div> <!-- main-panel-header rounded-window-top -->
          <div class="main-panel-content rounded-window-bottom">
          </div> <!-- main-panel-content rounded-window-bottom -->
        </div> <!-- panel -->
        <div panel-name="times-Test_Automation_Suite" class="panel">
          <div class="main-panel-header rounded-window-top">
            <span class="header-content">Times for Test Automation Suite</span>
          </div> <!-- main-panel-header rounded-window-top -->
          <div class="main-panel-content rounded-window-bottom">
            <div class="times-div">
              <script type="text/javascript">
suiteTableInitFunctions.push('tableData_Test_Automation_Suite');
function tableData_Test_Automation_Suite() {
var data = new google.visualization.DataTable();
data.addColumn('number', 'Number');
data.addColumn('string', 'Method');
data.addColumn('string', 'Class');
data.addColumn('number', 'Time (ms)');
data.addRows(12);
data.setCell(0, 0, 0)
data.setCell(0, 1, 'assertAutoRcg')
data.setCell(0, 2, 'testSuite.AmaysimSettings')
data.setCell(0, 3, 26087);
data.setCell(1, 0, 1)
data.setCell(1, 1, 'assertCallFwd')
data.setCell(1, 2, 'testSuite.AmaysimSettings')
data.setCell(1, 3, 25261);
data.setCell(2, 0, 2)
data.setCell(2, 1, 'assertInvalidNickname')
data.setCell(2, 2, 'testSuite.AmaysimSettings')
data.setCell(2, 3, 20970);
data.setCell(3, 0, 3)
data.setCell(3, 1, 'assertValidPin')
data.setCell(3, 2, 'testSuite.AmaysimSettings')
data.setCell(3, 3, 16764);
data.setCell(4, 0, 4)
data.setCell(4, 1, 'assertValidNickname')
data.setCell(4, 2, 'testSuite.AmaysimSettings')
data.setCell(4, 3, 14418);
data.setCell(5, 0, 5)
data.setCell(5, 1, 'assertInvalidPin')
data.setCell(5, 2, 'testSuite.AmaysimSettings')
data.setCell(5, 3, 11743);
data.setCell(6, 0, 6)
data.setCell(6, 1, 'assertCallWait')
data.setCell(6, 2, 'testSuite.AmaysimSettings')
data.setCell(6, 3, 9453);
data.setCell(7, 0, 7)
data.setCell(7, 1, 'assertIntlRoam')
data.setCell(7, 2, 'testSuite.AmaysimSettings')
data.setCell(7, 3, 9228);
data.setCell(8, 0, 8)
data.setCell(8, 1, 'assertSMSLimit')
data.setCell(8, 2, 'testSuite.AmaysimSettings')
data.setCell(8, 3, 4022);
data.setCell(9, 0, 9)
data.setCell(9, 1, 'assertVoiceMail')
data.setCell(9, 2, 'testSuite.AmaysimSettings')
data.setCell(9, 3, 3718);
data.setCell(10, 0, 10)
data.setCell(10, 1, 'assertCallerID')
data.setCell(10, 2, 'testSuite.AmaysimSettings')
data.setCell(10, 3, 3077);
data.setCell(11, 0, 11)
data.setCell(11, 1, 'assertUsageAlerts')
data.setCell(11, 2, 'testSuite.AmaysimSettings')
data.setCell(11, 3, 2371);
window.suiteTableData['Test_Automation_Suite']= { tableData: data, tableDiv: 'times-div-Test_Automation_Suite'}
return data;
}
              </script>
              <span class="suite-total-time">Total running time: 2 minutes</span>
              <div id="times-div-Test_Automation_Suite">
              </div> <!-- times-div-Test_Automation_Suite -->
            </div> <!-- times-div -->
          </div> <!-- main-panel-content rounded-window-bottom -->
        </div> <!-- panel -->
        <div panel-name="reporter-Test_Automation_Suite" class="panel">
          <div class="main-panel-header rounded-window-top">
            <span class="header-content">Reporter output for Test Automation Suite</span>
          </div> <!-- main-panel-header rounded-window-top -->
          <div class="main-panel-content rounded-window-bottom">
          </div> <!-- main-panel-content rounded-window-bottom -->
        </div> <!-- panel -->
        <div panel-name="ignored-methods-Test_Automation_Suite" class="panel">
          <div class="main-panel-header rounded-window-top">
            <span class="header-content">0 ignored methods</span>
          </div> <!-- main-panel-header rounded-window-top -->
          <div class="main-panel-content rounded-window-bottom">
          </div> <!-- main-panel-content rounded-window-bottom -->
        </div> <!-- panel -->
        <div panel-name="chronological-Test_Automation_Suite" class="panel">
          <div class="main-panel-header rounded-window-top">
            <span class="header-content">Methods in chronological order</span>
          </div> <!-- main-panel-header rounded-window-top -->
          <div class="main-panel-content rounded-window-bottom">
            <div class="chronological-class">
              <div class="chronological-class-name">testSuite.AmaysimSettings</div> <!-- chronological-class-name -->
              <div class="configuration-class before">
                <span class="method-name">setUp</span>
                <span class="method-start">0 ms</span>
              </div> <!-- configuration-class before -->
              <div class="configuration-method before">
                <span class="method-name">logIn</span>
                <span class="method-start">10656 ms</span>
              </div> <!-- configuration-method before -->
              <div class="test-method">
                <span class="method-name">assertValidNickname</span>
                <span class="method-start">43459 ms</span>
              </div> <!-- test-method -->
              <div class="configuration-method after">
                <span class="method-name">logOut</span>
                <span class="method-start">57878 ms</span>
              </div> <!-- configuration-method after -->
              <div class="configuration-method before">
                <span class="method-name">logIn</span>
                <span class="method-start">57880 ms</span>
              </div> <!-- configuration-method before -->
              <div class="test-method">
                <span class="method-name">assertInvalidNickname</span>
                <span class="method-start">71079 ms</span>
              </div> <!-- test-method -->
              <div class="configuration-method after">
                <span class="method-name">logOut</span>
                <span class="method-start">92049 ms</span>
              </div> <!-- configuration-method after -->
              <div class="configuration-method before">
                <span class="method-name">logIn</span>
                <span class="method-start">92051 ms</span>
              </div> <!-- configuration-method before -->
              <div class="test-method">
                <span class="method-name">assertValidPin</span>
                <span class="method-start">107864 ms</span>
              </div> <!-- test-method -->
              <div class="configuration-method before">
                <span class="method-name">logIn</span>
                <span class="method-start">124628 ms</span>
              </div> <!-- configuration-method before -->
              <div class="configuration-method after">
                <span class="method-name">logOut</span>
                <span class="method-start">124628 ms</span>
              </div> <!-- configuration-method after -->
              <div class="test-method">
                <span class="method-name">assertInvalidPin</span>
                <span class="method-start">138969 ms</span>
              </div> <!-- test-method -->
              <div class="configuration-method before">
                <span class="method-name">logIn</span>
                <span class="method-start">150713 ms</span>
              </div> <!-- configuration-method before -->
              <div class="configuration-method after">
                <span class="method-name">logOut</span>
                <span class="method-start">150713 ms</span>
              </div> <!-- configuration-method after -->
              <div class="test-method">
                <img src="failed.png">
                </img>
                <span class="method-name">assertCallerID</span>
                <span class="method-start">165102 ms</span>
              </div> <!-- test-method -->
              <div class="configuration-method after">
                <span class="method-name">logOut</span>
                <span class="method-start">168192 ms</span>
              </div> <!-- configuration-method after -->
              <div class="configuration-method before">
                <span class="method-name">logIn</span>
                <span class="method-start">168193 ms</span>
              </div> <!-- configuration-method before -->
              <div class="test-method">
                <span class="method-name">assertCallWait</span>
                <span class="method-start">179459 ms</span>
              </div> <!-- test-method -->
              <div class="configuration-method after">
                <span class="method-name">logOut</span>
                <span class="method-start">188912 ms</span>
              </div> <!-- configuration-method after -->
              <div class="configuration-method before">
                <span class="method-name">logIn</span>
                <span class="method-start">188913 ms</span>
              </div> <!-- configuration-method before -->
              <div class="test-method">
                <img src="failed.png">
                </img>
                <span class="method-name">assertVoiceMail</span>
                <span class="method-start">206122 ms</span>
              </div> <!-- test-method -->
              <div class="configuration-method after">
                <span class="method-name">logOut</span>
                <span class="method-start">209840 ms</span>
              </div> <!-- configuration-method after -->
              <div class="configuration-method before">
                <span class="method-name">logIn</span>
                <span class="method-start">209841 ms</span>
              </div> <!-- configuration-method before -->
              <div class="test-method">
                <img src="failed.png">
                </img>
                <span class="method-name">assertUsageAlerts</span>
                <span class="method-start">221734 ms</span>
              </div> <!-- test-method -->
              <div class="configuration-method before">
                <span class="method-name">logIn</span>
                <span class="method-start">224105 ms</span>
              </div> <!-- configuration-method before -->
              <div class="configuration-method after">
                <span class="method-name">logOut</span>
                <span class="method-start">224105 ms</span>
              </div> <!-- configuration-method after -->
              <div class="test-method">
                <span class="method-name">assertIntlRoam</span>
                <span class="method-start">236609 ms</span>
              </div> <!-- test-method -->
              <div class="configuration-method after">
                <span class="method-name">logOut</span>
                <span class="method-start">245837 ms</span>
              </div> <!-- configuration-method after -->
              <div class="configuration-method before">
                <span class="method-name">logIn</span>
                <span class="method-start">245838 ms</span>
              </div> <!-- configuration-method before -->
              <div class="test-method">
                <span class="method-name">assertCallFwd</span>
                <span class="method-start">257771 ms</span>
              </div> <!-- test-method -->
              <div class="configuration-method before">
                <span class="method-name">logIn</span>
                <span class="method-start">283033 ms</span>
              </div> <!-- configuration-method before -->
              <div class="configuration-method after">
                <span class="method-name">logOut</span>
                <span class="method-start">283033 ms</span>
              </div> <!-- configuration-method after -->
              <div class="test-method">
                <img src="failed.png">
                </img>
                <span class="method-name">assertSMSLimit</span>
                <span class="method-start">297125 ms</span>
              </div> <!-- test-method -->
              <div class="configuration-method after">
                <span class="method-name">logOut</span>
                <span class="method-start">301147 ms</span>
              </div> <!-- configuration-method after -->
              <div class="configuration-method before">
                <span class="method-name">logIn</span>
                <span class="method-start">301148 ms</span>
              </div> <!-- configuration-method before -->
              <div class="test-method">
                <span class="method-name">assertAutoRcg</span>
                <span class="method-start">313007 ms</span>
              </div> <!-- test-method -->
              <div class="configuration-method after">
                <span class="method-name">logOut</span>
                <span class="method-start">339094 ms</span>
              </div> <!-- configuration-method after -->
              <div class="configuration-class after">
                <span class="method-name">tearDown</span>
                <span class="method-start">339094 ms</span>
              </div> <!-- configuration-class after -->
          </div> <!-- main-panel-content rounded-window-bottom -->
        </div> <!-- panel -->
      </div> <!-- main-panel-root -->
    </div> <!-- wrapper -->
  </body>
</html>
